Start testing: Oct 11 23:01 MSK
----------------------------------------------------------
1/1 Testing: check
1/1 Test: check
Command: "/home/serg/lab06/_build/check" "-s" "-r" "compact" "--use-colour" "yes"
Directory: /home/serg/lab06/_build
"check" start time: Oct 11 23:01 MSK
Output:
----------------------------------------------------------
[0;37m/home/serg/lab06/tests/test1.cpp:11:[0m[1;32m passed[0m: result == text[0;37m for: [0m"hello" == "hello"
[1;32mPassed 1 test case with 1 assertion.[0m

<end of output>
Test time =   0.01 sec
----------------------------------------------------------
Test Passed.
"check" end time: Oct 11 23:01 MSK
"check" time elapsed: 00:00:00
----------------------------------------------------------

End testing: Oct 11 23:01 MSK
